Base path: 'D:/Games/UnityProgram/Editor/2019.4.23f1/Editor/Data', plugins path 'D:/Games/UnityProgram/Editor/2019.4.23f1/Editor/Data/PlaybackEngines'
Cmd: initializeCompiler
Cmd: compileComputeKernel
  api=4 insize=12109 outsize=1558 ok=1
Cmd: compileComputeKernel
  api=4 insize=12109 outsize=1971 ok=1
Cmd: compileComputeKernel
  api=4 insize=12109 outsize=1579 ok=1
Cmd: compileComputeKernel
  api=4 insize=12109 outsize=2631 ok=1
Cmd: compileComputeKernel
  api=4 insize=12109 outsize=2218 ok=1
Cmd: compileComputeKernel
  api=4 insize=11985 outsize=1469 ok=1
Cmd: compileComputeKernel
  api=4 insize=11985 outsize=1465 ok=1
Cmd: compileComputeKernel
  api=4 insize=11985 outsize=1905 ok=1
Cmd: compileComputeKernel
  api=4 insize=11985 outsize=1620 ok=1
Cmd: compileComputeKernel
  api=4 insize=11985 outsize=1494 ok=1
Cmd: compileComputeKernel
  api=4 insize=11985 outsize=1611 ok=1
Cmd: compileComputeKernel
  api=4 insize=18301 outsize=2137 ok=1
Cmd: compileComputeKernel
  api=4 insize=18301 outsize=3271 ok=1
Cmd: compileComputeKernel
  api=4 insize=18301 outsize=3156 ok=1
Cmd: compileComputeKernel
  api=4 insize=18301 outsize=5425 ok=1
Cmd: compileComputeKernel
  api=4 insize=66874 outsize=2850 ok=1
Cmd: compileComputeKernel
  api=4 insize=66874 outsize=2795 ok=1
Cmd: compileComputeKernel
  api=4 insize=66874 outsize=3099 ok=1
Cmd: compileComputeKernel
  api=4 insize=66874 outsize=1579 ok=1
Cmd: compileComputeKernel
  api=4 insize=66874 outsize=2479 ok=1
Cmd: compileComputeKernel
  api=4 insize=66874 outsize=1634 ok=1
Cmd: compileComputeKernel
  api=4 insize=66874 outsize=2634 ok=1
Cmd: compileComputeKernel
  api=4 insize=66874 outsize=1489 ok=1
Cmd: compileComputeKernel
  api=4 insize=66874 outsize=1689 ok=1
Cmd: compileComputeKernel
  api=4 insize=66874 outsize=2029 ok=1
Cmd: compileComputeKernel
  api=4 insize=66874 outsize=1495 ok=1
Cmd: compileComputeKernel
  api=4 insize=66874 outsize=1597 ok=1
Cmd: compileComputeKernel
  api=4 insize=66874 outsize=1610 ok=1
Cmd: compileComputeKernel
  api=4 insize=66874 outsize=1324 ok=1
Cmd: compileComputeKernel
  api=4 insize=66874 outsize=1287 ok=1
Cmd: compileComputeKernel
  api=4 insize=66874 outsize=1285 ok=1
Cmd: compileComputeKernel
  api=4 insize=66874 outsize=1369 ok=1
Cmd: compileComputeKernel
  api=4 insize=66874 outsize=1682 ok=1
Cmd: compileComputeKernel
  api=4 insize=66874 outsize=1383 ok=1
Cmd: compileComputeKernel
  api=4 insize=66874 outsize=1465 ok=1
Cmd: compileComputeKernel
  api=4 insize=66874 outsize=1861 ok=1
Cmd: compileComputeKernel
  api=4 insize=66874 outsize=1311 ok=1
Cmd: compileComputeKernel
  api=4 insize=66874 outsize=1777 ok=1
Cmd: compileComputeKernel
  api=4 insize=66874 outsize=1364 ok=1
Cmd: compileComputeKernel
  api=4 insize=66874 outsize=1819 ok=1
Cmd: compileComputeKernel
  api=4 insize=66874 outsize=1819 ok=1
Cmd: compileComputeKernel
  api=4 insize=66874 outsize=2259 ok=1
Cmd: compileComputeKernel
  api=4 insize=66874 outsize=1819 ok=1
Cmd: compileComputeKernel
  api=4 insize=66874 outsize=1851 ok=1
Cmd: compileComputeKernel
  api=4 insize=66874 outsize=1848 ok=1
Cmd: compileComputeKernel
  api=4 insize=66874 outsize=1849 ok=1
Cmd: compileComputeKernel
  api=4 insize=66874 outsize=1998 ok=1
Cmd: compileComputeKernel
  api=4 insize=66874 outsize=1326 ok=1
Cmd: compileComputeKernel
  api=4 insize=66874 outsize=1301 ok=1
Cmd: compileComputeKernel
  api=4 insize=66874 outsize=1346 ok=1
Cmd: compileComputeKernel
  api=4 insize=66874 outsize=2178 ok=1
Cmd: compileComputeKernel
  api=4 insize=66874 outsize=3836 ok=1
Cmd: compileComputeKernel
  api=4 insize=66874 outsize=1449 ok=1
Cmd: compileComputeKernel
  api=4 insize=66874 outsize=1750 ok=1
Cmd: compileComputeKernel
  api=4 insize=66874 outsize=921 ok=1
Cmd: compileComputeKernel
  api=4 insize=66874 outsize=1382 ok=1
Cmd: compileComputeKernel
  api=4 insize=72903 outsize=7768 ok=1
Cmd: compileComputeKernel
  api=4 insize=72903 outsize=6467 ok=1
Cmd: compileComputeKernel
  api=4 insize=34089 outsize=677 ok=1
Cmd: compileComputeKernel
  api=4 insize=34089 outsize=674 ok=1
Cmd: compileComputeKernel
  api=4 insize=34089 outsize=623 ok=1
Cmd: compileComputeKernel
  api=4 insize=34089 outsize=775 ok=1
Cmd: compileComputeKernel
  api=4 insize=34089 outsize=777 ok=1
Cmd: compileComputeKernel
  api=4 insize=34089 outsize=937 ok=1
Cmd: compileComputeKernel
  api=4 insize=34089 outsize=1094 ok=1
Cmd: compileComputeKernel
  api=4 insize=34089 outsize=854 ok=1
Cmd: compileComputeKernel
  api=4 insize=34089 outsize=855 ok=1
Cmd: compileComputeKernel
  api=4 insize=34089 outsize=805 ok=1
Cmd: compileComputeKernel
  api=4 insize=34089 outsize=796 ok=1
Cmd: compileComputeKernel
  api=4 insize=34089 outsize=674 ok=1
Cmd: compileComputeKernel
  api=4 insize=34089 outsize=831 ok=1
Cmd: compileComputeKernel
  api=4 insize=34089 outsize=811 ok=1
Cmd: compileComputeKernel
  api=4 insize=34089 outsize=1035 ok=1
Cmd: compileComputeKernel
  api=4 insize=34089 outsize=1269 ok=1
Cmd: compileComputeKernel
  api=4 insize=34089 outsize=1321 ok=1
Cmd: compileComputeKernel
  api=4 insize=34089 outsize=1137 ok=1
Cmd: compileComputeKernel
  api=4 insize=34089 outsize=1524 ok=1
Cmd: compileComputeKernel
  api=4 insize=34089 outsize=1520 ok=1
Cmd: compileComputeKernel
  api=4 insize=34089 outsize=1346 ok=1
Cmd: compileComputeKernel
  api=4 insize=34089 outsize=1363 ok=1
Cmd: compileComputeKernel
  api=4 insize=34089 outsize=1402 ok=1
Cmd: compileComputeKernel
  api=4 insize=34089 outsize=1296 ok=1
Cmd: compileComputeKernel
  api=4 insize=34089 outsize=1288 ok=1
Cmd: compileComputeKernel
  api=4 insize=34089 outsize=1311 ok=1
Cmd: compileComputeKernel
  api=4 insize=34089 outsize=1261 ok=1
Cmd: compileComputeKernel
  api=4 insize=34089 outsize=1369 ok=1
Cmd: compileComputeKernel
  api=4 insize=34089 outsize=1618 ok=1
Cmd: compileComputeKernel
  api=4 insize=34089 outsize=1324 ok=1
Cmd: compileComputeKernel
  api=4 insize=79248 outsize=2787 ok=1
Cmd: compileComputeKernel
  api=4 insize=79248 outsize=14204 ok=1
Cmd: compileComputeKernel
  api=4 insize=79248 outsize=27129 ok=1
Cmd: compileComputeKernel
  api=4 insize=79248 outsize=35630 ok=1
Cmd: compileComputeKernel
  api=4 insize=79248 outsize=4420 ok=1
Cmd: compileComputeKernel
  api=4 insize=79248 outsize=4420 ok=1
Cmd: compileComputeKernel
  api=4 insize=79248 outsize=3084 ok=1
Cmd: compileComputeKernel
  api=4 insize=79248 outsize=3084 ok=1
Cmd: compileComputeKernel
  api=4 insize=79248 outsize=3725 ok=1
Cmd: compileComputeKernel
  api=4 insize=79248 outsize=3725 ok=1
Cmd: compileComputeKernel
  api=4 insize=79248 outsize=12236 ok=1
Cmd: compileComputeKernel
  api=4 insize=4442 outsize=1449 ok=1
Cmd: compileComputeKernel
  api=4 insize=4442 outsize=1684 ok=1
Cmd: compileComputeKernel
  api=4 insize=1900 outsize=3122 ok=1
Cmd: compileSnippet
  api=4 type=1 insize=11846 outsize=5706 kw=SHADOWS_SPLIT_SPHERES pd=UNITY_ENABLE_REFLECTION_BUFFERS UNITY_USE_DITHER_MASK_FOR_ALPHABLENDED_SHADOWS UNITY_PBS_USE_BRDF1 UNITY_SPECCUBE_BOX_PROJECTION UNITY_SPECCUBE_BLENDING UNITY_ENABLE_DETAIL_NORMALMAP SHADER_API_DESKTOP UNITY_COLORSPACE_GAMMA UNITY_LIGHT_PROBE_PROXY_VOLUME UNITY_LIGHTMAP_FULL_HDR ok=1
Cmd: compileSnippet
  api=4 type=1 insize=1460 outsize=3934 kw=UNITY_PASS_FORWARDADD DIRECTIONAL SHADOWS_SCREEN pd=UNITY_ENABLE_REFLECTION_BUFFERS UNITY_USE_DITHER_MASK_FOR_ALPHABLENDED_SHADOWS UNITY_PBS_USE_BRDF1 UNITY_SPECCUBE_BOX_PROJECTION UNITY_SPECCUBE_BLENDING UNITY_ENABLE_DETAIL_NORMALMAP SHADER_API_DESKTOP UNITY_COLORSPACE_GAMMA UNITY_LIGHT_PROBE_PROXY_VOLUME UNITY_LIGHTMAP_FULL_HDR ok=1

Quitting shader compiler process
